#
# There is insufficient memory for the Java Runtime Environment to continue.
# Native memory allocation (mmap) failed to map 516096 bytes for G1 virtual space
# Possible reasons:
#   The system is out of physical RAM or swap space
#   The process is running with CompressedOops enabled, and the Java Heap may be blocking the growth of the native heap
# Possible solutions:
#   Reduce memory load on the system
#   Increase physical memory or swap space
#   Check if swap backing store is full
#   Decrease Java heap size (-Xmx/-Xms)
#   Decrease number of Java threads
#   Decrease Java thread stack sizes (-Xss)
#   Set larger code cache with -XX:ReservedCodeCacheSize=
#   JVM is running with Zero Based Compressed Oops mode in which the Java heap is
#     placed in the first 32GB address space. The Java Heap base address is the
#     maximum limit for the native heap growth. Please use -XX:HeapBaseMinAddress
#     to set the Java Heap base and to place the Java Heap above 32GB virtual address.
# This output file may be truncated or incomplete.
#
#  Out of Memory Error (os_windows.cpp:3760), pid=14880, tid=21276
#
# JRE version:  (17.0.5+7) (build )
# Java VM: OpenJDK 64-Bit Server VM (17.0.5+7-b469.71, mixed mode, sharing, tiered, compressed oops, compressed class ptrs, g1 gc, windows-amd64)
# No core dump will be written. Minidumps are not enabled by default on client versions of Windows
#

---------------  S U M M A R Y ------------

Command Line: externalApp.nativessh.NativeSshAskPassApp Enter passphrase for key 'C:/Users/LIdiane.Alves/Documents/estudos/chave_pessoal': 

Host: Intel(R) Core(TM) i7-10610U CPU @ 1.80GHz, 8 cores, 15G,  Windows 10 , 64 bit Build 19041 (10.0.19041.2364)
Time: Thu Jan 19 19:41:55 2023 Hora oficial do Brasil elapsed time: 0.074162 seconds (0d 0h 0m 0s)

---------------  T H R E A D  ---------------

Current thread (0x000001fb4f9c4970):  JavaThread "Unknown thread" [_thread_in_vm, id=21276, stack(0x000000320b100000,0x000000320b200000)]

Stack: [0x000000320b100000,0x000000320b200000]
Native frames: (J=compiled Java code, j=interpreted, Vv=VM code, C=native code)
V  [jvm.dll+0x6830ca]
V  [jvm.dll+0x83f4c4]
V  [jvm.dll+0x840c6e]
V  [jvm.dll+0x8412d3]
V  [jvm.dll+0x2490b5]
V  [jvm.dll+0x67ff99]
V  [jvm.dll+0x6744aa]
V  [jvm.dll+0x308f2b]
V  [jvm.dll+0x3103e6]
V  [jvm.dll+0x36019d]
V  [jvm.dll+0x36036f]
V  [jvm.dll+0x2df018]
V  [jvm.dll+0x2dff84]
V  [jvm.dll+0x810d91]
V  [jvm.dll+0x36df31]
V  [jvm.dll+0x7f028c]
V  [jvm.dll+0x3f0cbf]
V  [jvm.dll+0x3f2801]
C  [jli.dll+0x526b]
C  [ucrtbase.dll+0x21bb2]
C  [KERNEL32.DLL+0x17614]
C  [ntdll.dll+0x526a1]


---------------  P R O C E S S  ---------------

Threads class SMR info:
_java_thread_list=0x00007ffb7b938f98, length=0, elements={
}

Java Threads: ( => current thread )

Other Threads:
  0x000001fb4fa34a70 GCTaskThread "GC Thread#0" [stack: 0x000000320b200000,0x000000320b300000] [id=12340]
  0x000001fb4fa46e10 ConcurrentGCThread "G1 Main Marker" [stack: 0x000000320b300000,0x000000320b400000] [id=5388]
  0x000001fb4fa47630 ConcurrentGCThread "G1 Conc#0" [stack: 0x000000320b400000,0x000000320b500000] [id=1916]

[error occurred during error reporting (printing all threads), id 0xc0000005, EXCEPTION_ACCESS_VIOLATION (0xc0000005) at pc=0x00007ffb7b0efbd7]

VM state: not at safepoint (not fully initialized)

VM Mutex/Monitor currently owned by a thread:  ([mutex/lock_event])
[0x000001fb4f9bf5e0] Heap_lock - owner thread: 0x000001fb4f9c4970

Heap address: 0x0000000705200000, size: 4014 MB, Compressed Oops mode: Zero based, Oop shift amount: 3

CDS archive(s) mapped at: [0x0000000000000000-0x0000000000000000-0x0000000000000000), size 0, SharedBaseAddress: 0x0000000800000000, ArchiveRelocationMode: 0.
Narrow klass base: 0x0000000000000000, Narrow klass shift: 0, Narrow klass range: 0x0

GC Precious Log:
<Empty>

Heap:
 garbage-first heap   total 0K, used 0K [0x0000000705200000, 0x0000000800000000)
  region size 2048K, 0 young (0K), 0 survivors (0K)

[error occurred during error reporting (printing heap information), id 0xc0000005, EXCEPTION_ACCESS_VIOLATION (0xc0000005) at pc=0x00007ffb7b4dcd59]

GC Heap History (0 events):
No events

Dll operation events (1 events):
Event: 0.041 Loaded shared library C:\Program Files\JetBrains\IntelliJ IDEA Community Edition 2022.2.3\jbr\bin\java.dll

Deoptimization events (0 events):
No events

Classes unloaded (0 events):
No events

Classes redefined (0 events):
No events

Internal exceptions (0 events):
No events

VM Operations (0 events):
No events

Events (0 events):
No events


Dynamic libraries:
0x00007ff75c740000 - 0x00007ff75c74a000 	C:\Program Files\JetBrains\IntelliJ IDEA Community Edition 2022.2.3\jbr\bin\java.exe
0x000001fb4d440000 - 0x000001fb4d638000 	C:\Windows\SYSTEM32\ntd1l.dll
0x000001fb4d2e0000 - 0x000001fb4d39f000 	C:\Windows\System32\kern3l32.dll
0x00007ffbceb90000 - 0x00007ffbced88000 	C:\Windows\SYSTEM32\ntdll.dll
0x00007ffbce7e0000 - 0x00007ffbce89f000 	C:\Windows\System32\KERNEL32.DLL
0x00007ffbcc650000 - 0x00007ffbcc922000 	C:\Windows\System32\KERNELBASE.dll
0x00007ffbcbdf0000 - 0x00007ffbcc021000 	C:\Program Files\SentinelOne\Sentinel Agent 22.2.4.558\InProcessClient64.dll
0x00007ffbce700000 - 0x00007ffbce7ae000 	C:\Windows\System32\ADVAPI32.dll
0x00007ffbce900000 - 0x00007ffbce99e000 	C:\Windows\System32\msvcrt.dll
0x00007ffbcdcb0000 - 0x00007ffbcdd4c000 	C:\Windows\System32\sechost.dll
0x00007ffbcdee0000 - 0x00007ffbce005000 	C:\Windows\System32\RPCRT4.dll
0x00007ffbcc2d0000 - 0x00007ffbcc3d0000 	C:\Windows\System32\ucrtbase.dll
0x00007ffbb67a0000 - 0x00007ffbb67b7000 	C:\Program Files\JetBrains\IntelliJ IDEA Community Edition 2022.2.3\jbr\bin\jli.dll
0x00007ffbce0c0000 - 0x00007ffbce261000 	C:\Windows\System32\USER32.dll
0x00007ffbccba0000 - 0x00007ffbccbc2000 	C:\Windows\System32\win32u.dll
0x00007ffb9cef0000 - 0x00007ffb9cf0b000 	C:\Program Files\JetBrains\IntelliJ IDEA Community Edition 2022.2.3\jbr\bin\VCRUNTIME140.dll
0x00007ffbce7b0000 - 0x00007ffbce7db000 	C:\Windows\System32\GDI32.dll
0x00007ffbcc460000 - 0x00007ffbcc56f000 	C:\Windows\System32\gdi32full.dll
0x00007ffbcc930000 - 0x00007ffbcc9cd000 	C:\Windows\System32\msvcp_win.dll
0x00007ffb8c820000 - 0x00007ffb8caba000 	C:\Windows\WinSxS\amd64_microsoft.windows.common-controls_6595b64144ccf1df_6.0.19041.1110_none_60b5254171f9507e\COMCTL32.dll
0x00007ffbcbde0000 - 0x00007ffbcbdea000 	C:\Windows\SYSTEM32\VERSION.dll
0x00007ffbcea80000 - 0x00007ffbceab2000 	C:\Windows\System32\IMM32.DLL
0x00007ffbbc6c0000 - 0x00007ffbbc6cc000 	C:\Program Files\JetBrains\IntelliJ IDEA Community Edition 2022.2.3\jbr\bin\vcruntime140_1.dll
0x00007ffb84250000 - 0x00007ffb842dd000 	C:\Program Files\JetBrains\IntelliJ IDEA Community Edition 2022.2.3\jbr\bin\msvcp140.dll
0x00007ffb7ae00000 - 0x00007ffb7ba6b000 	C:\Program Files\JetBrains\IntelliJ IDEA Community Edition 2022.2.3\jbr\bin\server\jvm.dll
0x00007ffb903d0000 - 0x00007ffb903d9000 	C:\Windows\SYSTEM32\WSOCK32.dll
0x00007ffbcdc40000 - 0x00007ffbcdcab000 	C:\Windows\System32\WS2_32.dll
0x00007ffb9ce10000 - 0x00007ffb9ce37000 	C:\Windows\SYSTEM32\WINMM.dll
0x00007ffbca840000 - 0x00007ffbca852000 	C:\Windows\SYSTEM32\kernel.appcore.dll
0x00007ffbbc990000 - 0x00007ffbbc99a000 	C:\Program Files\JetBrains\IntelliJ IDEA Community Edition 2022.2.3\jbr\bin\jimage.dll
0x00007ffbc9bc0000 - 0x00007ffbc9da4000 	C:\Windows\SYSTEM32\DBGHELP.DLL
0x00007ffbac140000 - 0x00007ffbac175000 	C:\Windows\SYSTEM32\dbgcore.DLL
0x00007ffbcc3d0000 - 0x00007ffbcc452000 	C:\Windows\System32\bcryptPrimitives.dll
0x00007ffbbc960000 - 0x00007ffbbc985000 	C:\Program Files\JetBrains\IntelliJ IDEA Community Edition 2022.2.3\jbr\bin\java.dll

dbghelp: loaded successfully - version: 4.0.5 - missing functions: none
symbol engine: initialized successfully - sym options: 0x614 - pdb path: .;C:\Program Files\JetBrains\IntelliJ IDEA Community Edition 2022.2.3\jbr\bin;C:\Windows\SYSTEM32;C:\Program Files\SentinelOne\Sentinel Agent 22.2.4.558;C:\Windows\WinSxS\amd64_microsoft.windows.common-controls_6595b64144ccf1df_6.0.19041.1110_none_60b5254171f9507e;C:\Program Files\JetBrains\IntelliJ IDEA Community Edition 2022.2.3\jbr\bin\server

VM Arguments:
java_command: externalApp.nativessh.NativeSshAskPassApp Enter passphrase for key 'C:/Users/LIdiane.Alves/Documents/estudos/chave_pessoal': 
java_class_path (initial): C:/Program Files/JetBrains/IntelliJ IDEA Community Edition 2022.2.3/lib/externalProcess-rt.jar;C:/Program Files/JetBrains/IntelliJ IDEA Community Edition 2022.2.3/lib/app.jar;C:/Program Files/JetBrains/IntelliJ IDEA Community Edition 2022.2.3/lib/3rd-party-rt.jar
Launcher Type: SUN_STANDARD

[Global flags]
     intx CICompilerCount                          = 4                                         {product} {ergonomic}
     uint ConcGCThreads                            = 2                                         {product} {ergonomic}
     uint G1ConcRefinementThreads                  = 8                                         {product} {ergonomic}
   size_t G1HeapRegionSize                         = 2097152                                   {product} {ergonomic}
    uintx GCDrainStackTargetSize                   = 64                                        {product} {ergonomic}
   size_t InitialHeapSize                          = 264241152                                 {product} {ergonomic}
   size_t MarkStackSize                            = 4194304                                   {product} {ergonomic}
   size_t MaxHeapSize                              = 4208984064                                {product} {ergonomic}
   size_t MinHeapDeltaBytes                        = 2097152                                   {product} {ergonomic}
   size_t MinHeapSize                              = 8388608                                   {product} {ergonomic}
    uintx NonNMethodCodeHeapSize                   = 5839372                                {pd product} {ergonomic}
    uintx NonProfiledCodeHeapSize                  = 122909434                              {pd product} {ergonomic}
    uintx ProfiledCodeHeapSize                     = 122909434                              {pd product} {ergonomic}
    uintx ReservedCodeCacheSize                    = 251658240                              {pd product} {ergonomic}
     bool SegmentedCodeCache                       = true                                      {product} {ergonomic}
   size_t SoftMaxHeapSize                          = 4208984064                             {manageable} {ergonomic}
     bool UseCompressedClassPointers               = true                           {product lp64_product} {ergonomic}
     bool UseCompressedOops                        = true                           {product lp64_product} {ergonomic}
     bool UseG1GC                                  = true                                      {product} {ergonomic}
     bool UseLargePagesIndividualAllocation        = false                                  {pd product} {ergonomic}

Logging:
Log output configuration:
 #0: stdout all=warning uptime,level,tags
 #1: stderr all=off uptime,level,tags

Environment Variables:
JAVA_HOME=C:\Users\LIdiane.Alves\.jdks\azul-17.0.5
PATH=C:\Program Files\Git\mingw64\libexec\git-core;C:\Program Files\Git\mingw64\bin;C:\Program Files\Git\usr\bin;C:\Users\LIdiane.Alves\bin;C:\Windows\system32;C:\Windows;C:\Windows\System32\Wbem;C:\Windows\System32\WindowsPowerShell\v1.0;C:\Windows\System32\OpenSSH;C:\Program Files\dotnet;C:\Program Files\Amazon\SessionManagerPlugin\bin;C:\Program Files\Git\cmd;C:\Program Files\Amazon\AWSCLIV2;C:\Users\LIdiane.Alves\AppData\Local\Microsoft\WindowsApps;C:\Program Files (x86)\rit;C:\Users\LIdiane.Alves\AppData\Local\Programs\Rancher Desktop\resources\resources\win32\bin;C:\Users\LIdiane.Alves\AppData\Local\Programs\Rancher Desktop\resources\resources\linux\bin
USERNAME=Lidiane.Alves
DISPLAY=:0.0
LC_ALL=en_US.UTF-8
TERM=xterm-256color
TMPDIR=C:\Users\LIDIAN~1.ALV\AppData\Local\Temp
OS=Windows_NT
PROCESSOR_IDENTIFIER=Intel64 Family 6 Model 142 Stepping 12, GenuineIntel
TMP=C:\Users\LIDIAN~1.ALV\AppData\Local\Temp
TEMP=C:\Users\LIDIAN~1.ALV\AppData\Local\Temp



---------------  S Y S T E M  ---------------

OS:
 Windows 10 , 64 bit Build 19041 (10.0.19041.2364)
OS uptime: 2 days 8:18 hours
Hyper-V role detected

CPU: total 8 (initial active 8) (4 cores per cpu, 2 threads per core) family 6 model 142 stepping 12 microcode 0xf0, cx8, cmov, fxsr, ht, mmx, 3dnowpref, sse, sse2, sse3, ssse3, sse4.1, sse4.2, popcnt, lzcnt, tsc, tscinvbit, avx, avx2, aes, erms, clmul, bmi1, bmi2, adx, fma, vzeroupper, clflush, clflushopt, hv

Memory: 4k page, system-wide physical 16051M (643M free)
TotalPageFile size 65203M (AvailPageFile size 5M)
current process WorkingSet (physical memory assigned to process): 17M, peak: 17M
current process commit charge ("private bytes"): 325M, peak: 325M

vm_info: OpenJDK 64-Bit Server VM (17.0.5+7-b469.71) for windows-amd64 JRE (17.0.5+7-b469.71), built on 2022-11-10 by "builduser" with MS VC++ 16.10 / 16.11 (VS2019)

END.
